<?xml version="1.0" encoding="UTF-8"?>
<!-- Generated by org.testng.reporters.JUnitReportReporter -->
<testsuite hostname="sai-PC" name="com.cucumber.runner.TestngRunner" tests="1" failures="0" timestamp="4 Mar 2020 16:26:42 GMT" time="0.276" errors="0">
  <testcase name="feature" time="0.276" classname="com.cucumber.runner.TestngRunner"/>
</testsuite> <!-- com.cucumber.runner.TestngRunner -->
