<?xml version="1.0" encoding="UTF-8"?>
<!-- Generated by org.testng.reporters.JUnitReportReporter -->
<testsuite hostname="sai-PC" name="com.cucumber.runner.TestNGCukesRunner" tests="1" failures="0" timestamp="4 Mar 2020 16:23:33 GMT" time="0.401" errors="0">
  <testcase name="feature" time="0.401" classname="com.cucumber.runner.TestNGCukesRunner"/>
</testsuite> <!-- com.cucumber.runner.TestNGCukesRunner -->
